<?xml version="1.0" encoding="UTF-8"?>
<testsuite name="com.study.redis.RedisApplicationTests" tests="1" skipped="0" failures="0" errors="0" timestamp="2023-04-11T08:50:23" hostname="otaehyeon-ui-MacBookPro.local" time="0.504">
  <properties/>
  <testcase name="contextLoads()" classname="com.study.redis.RedisApplicationTests" time="0.504"/>
  <system-out><![CDATA[17:50:21.646 [Test worker] DEBUG org.springframework.boot.test.context.SpringBootTestContextBootstrapper -- Neither @ContextConfiguration nor @ContextHierarchy found for test class [RedisApplicationTests]: using SpringBootContextLoader
17:50:21.651 [Test worker] DEBUG org.springframework.test.context.support.AbstractContextLoader -- Could not detect default resource locations for test class [com.study.redis.RedisApplicationTests]: no resource found for suffixes {-context.xml, Context.groovy}.
17:50:21.651 [Test worker] INFO org.springframework.test.context.support.AnnotationConfigContextLoaderUtils -- Could not detect default configuration classes for test class [com.study.redis.RedisApplicationTests]: RedisApplicationTests does not declare any static, non-private, non-final, nested classes annotated with @Configuration.
17:50:21.675 [Test worker] DEBUG org.springframework.boot.test.context.SpringBootTestContextBootstrapper -- Using ContextCustomizers for test class [RedisApplicationTests]: [DisableObservabilityContextCustomizer, PropertyMappingContextCustomizer, Customizer, ExcludeFilterContextCustomizer, DuplicateJsonObjectContextCustomizer, MockitoContextCustomizer, TestRestTemplateContextCustomizer]
17:50:21.736 [Test worker] DEBUG org.springframework.context.annotation.ClassPathScanningCandidateComponentProvider -- Identified candidate component class: file [/Users/jeffrey/Desktop/workspace/fastcampus/study-redis/build/classes/java/main/com/study/redis/RedisApplication.class]
17:50:21.737 [Test worker] INFO org.springframework.boot.test.context.SpringBootTestContextBootstrapper -- Found @SpringBootConfiguration com.study.redis.RedisApplication for test class com.study.redis.RedisApplicationTests
17:50:21.821 [Test worker] DEBUG org.springframework.boot.test.context.SpringBootTestContextBootstrapper -- Using TestExecutionListeners for test class [RedisApplicationTests]: [ServletTestExecutionListener, DirtiesContextBeforeModesTestExecutionListener, ApplicationEventsTestExecutionListener, MockitoTestExecutionListener, DependencyInjectionTestExecutionListener, DirtiesContextTestExecutionListener, TransactionalTestExecutionListener, SqlScriptsTestExecutionListener, EventPublishingTestExecutionListener, RestDocsTestExecutionListener, MockRestServiceServerResetTestExecutionListener, MockMvcPrintOnlyOnFailureTestExecutionListener, WebDriverTestExecutionListener, MockWebServiceServerTestExecutionListener, ResetMocksTestExecutionListener]
17:50:21.823 [Test worker] DEBUG org.springframework.test.context.support.AbstractDirtiesContextTestExecutionListener -- Before test class: class [RedisApplicationTests], class annotated with @DirtiesContext [false] with mode [null]

  .   ____          _            __ _ _
 /\\ / ___'_ __ _ _(_)_ __  __ _ \ \ \ \
( ( )\___ | '_ | '_| | '_ \/ _` | \ \ \ \
 \\/  ___)| |_)| | | | | || (_| |  ) ) ) )
  '  |____| .__|_| |_|_| |_\__, | / / / /
 =========|_|==============|___/=/_/_/_/
 :: Spring Boot ::                (v3.0.5)

2023-04-11T17:50:22.100+09:00  INFO 77323 --- [    Test worker] com.study.redis.RedisApplicationTests    : Starting RedisApplicationTests using Java 17.0.4 with PID 77323 (started by jeffrey in /Users/jeffrey/Desktop/workspace/fastcampus/study-redis)
2023-04-11T17:50:22.102+09:00  INFO 77323 --- [    Test worker] com.study.redis.RedisApplicationTests    : No active profile set, falling back to 1 default profile: "default"
2023-04-11T17:50:22.611+09:00  INFO 77323 --- [    Test worker] .s.d.r.c.RepositoryConfigurationDelegate : Multiple Spring Data modules found, entering strict repository configuration mode
2023-04-11T17:50:22.617+09:00  INFO 77323 --- [    Test worker] .s.d.r.c.RepositoryConfigurationDelegate : Bootstrapping Spring Data Redis repositories in DEFAULT mode.
2023-04-11T17:50:22.643+09:00  INFO 77323 --- [    Test worker] .s.d.r.c.RepositoryConfigurationDelegate : Finished Spring Data repository scanning in 12 ms. Found 0 Redis repository interfaces.
2023-04-11T17:50:23.678+09:00  INFO 77323 --- [    Test worker] com.study.redis.RedisApplicationTests    : Started RedisApplicationTests in 1.821 seconds (process running for 2.832)
]]></system-out>
  <system-err><![CDATA[]]></system-err>
</testsuite>
