<?xml version="1.0" encoding="UTF-8"?>
<testsuite name="com.study.redis.ServiceTest" tests="1" skipped="0" failures="0" errors="0" timestamp="2023-04-12T09:32:01" hostname="otaehyeon-ui-MacBookPro.local" time="0.696">
  <properties/>
  <testcase name="getRanks()" classname="com.study.redis.ServiceTest" time="0.696"/>
  <system-out><![CDATA[18:31:59.395 [Test worker] DEBUG org.springframework.boot.test.context.SpringBootTestContextBootstrapper -- Neither @ContextConfiguration nor @ContextHierarchy found for test class [ServiceTest]: using SpringBootContextLoader
18:31:59.400 [Test worker] DEBUG org.springframework.test.context.support.AbstractContextLoader -- Could not detect default resource locations for test class [com.study.redis.ServiceTest]: no resource found for suffixes {-context.xml, Context.groovy}.
18:31:59.401 [Test worker] INFO org.springframework.test.context.support.AnnotationConfigContextLoaderUtils -- Could not detect default configuration classes for test class [com.study.redis.ServiceTest]: ServiceTest does not declare any static, non-private, non-final, nested classes annotated with @Configuration.
18:31:59.426 [Test worker] DEBUG org.springframework.boot.test.context.SpringBootTestContextBootstrapper -- Using ContextCustomizers for test class [ServiceTest]: [DisableObservabilityContextCustomizer, PropertyMappingContextCustomizer, Customizer, ExcludeFilterContextCustomizer, DuplicateJsonObjectContextCustomizer, MockitoContextCustomizer, TestRestTemplateContextCustomizer]
18:31:59.499 [Test worker] DEBUG org.springframework.context.annotation.ClassPathScanningCandidateComponentProvider -- Identified candidate component class: file [/Users/jeffrey/Desktop/workspace/fastcampus/study-redis/build/classes/java/main/com/study/redis/RedisApplication.class]
18:31:59.501 [Test worker] INFO org.springframework.boot.test.context.SpringBootTestContextBootstrapper -- Found @SpringBootConfiguration com.study.redis.RedisApplication for test class com.study.redis.ServiceTest
18:31:59.598 [Test worker] DEBUG org.springframework.boot.test.context.SpringBootTestContextBootstrapper -- Using TestExecutionListeners for test class [ServiceTest]: [ServletTestExecutionListener, DirtiesContextBeforeModesTestExecutionListener, ApplicationEventsTestExecutionListener, MockitoTestExecutionListener, DependencyInjectionTestExecutionListener, DirtiesContextTestExecutionListener, TransactionalTestExecutionListener, SqlScriptsTestExecutionListener, EventPublishingTestExecutionListener, RestDocsTestExecutionListener, MockRestServiceServerResetTestExecutionListener, MockMvcPrintOnlyOnFailureTestExecutionListener, WebDriverTestExecutionListener, MockWebServiceServerTestExecutionListener, ResetMocksTestExecutionListener]
18:31:59.600 [Test worker] DEBUG org.springframework.test.context.support.AbstractDirtiesContextTestExecutionListener -- Before test class: class [ServiceTest], class annotated with @DirtiesContext [false] with mode [null]

  .   ____          _            __ _ _
 /\\ / ___'_ __ _ _(_)_ __  __ _ \ \ \ \
( ( )\___ | '_ | '_| | '_ \/ _` | \ \ \ \
 \\/  ___)| |_)| | | | | || (_| |  ) ) ) )
  '  |____| .__|_| |_|_| |_\__, | / / / /
 =========|_|==============|___/=/_/_/_/
 :: Spring Boot ::                (v3.0.5)

2023-04-12T18:31:59.903+09:00  INFO 88997 --- [    Test worker] com.study.redis.ServiceTest              : Starting ServiceTest using Java 17.0.4 with PID 88997 (started by jeffrey in /Users/jeffrey/Desktop/workspace/fastcampus/study-redis)
2023-04-12T18:31:59.905+09:00  INFO 88997 --- [    Test worker] com.study.redis.ServiceTest              : No active profile set, falling back to 1 default profile: "default"
2023-04-12T18:32:00.495+09:00  INFO 88997 --- [    Test worker] .s.d.r.c.RepositoryConfigurationDelegate : Multiple Spring Data modules found, entering strict repository configuration mode
2023-04-12T18:32:00.498+09:00  INFO 88997 --- [    Test worker] .s.d.r.c.RepositoryConfigurationDelegate : Bootstrapping Spring Data Redis repositories in DEFAULT mode.
2023-04-12T18:32:00.528+09:00  INFO 88997 --- [    Test worker] .s.d.r.c.RepositoryConfigurationDelegate : Finished Spring Data repository scanning in 13 ms. Found 0 Redis repository interfaces.
2023-04-12T18:32:01.666+09:00  INFO 88997 --- [    Test worker] com.study.redis.ServiceTest              : Started ServiceTest in 2.024 seconds (process running for 3.023)
Rank(562305) - took 3 ms
Range - took 2 ms
]]></system-out>
  <system-err><![CDATA[]]></system-err>
</testsuite>
